\BOOKMARK [0][-]{chapter.1}{Introduction}{}% 1
\BOOKMARK [0][-]{chapter.2}{Basic Analysis \046 Corrections}{}% 2
\BOOKMARK [1][-]{section.2.1}{Introduction}{chapter.2}% 3
\BOOKMARK [1][-]{section.2.2}{E1-F}{chapter.2}% 4
\BOOKMARK [1][-]{section.2.3}{Determination of Good Run List}{chapter.2}% 5
\BOOKMARK [1][-]{section.2.4}{Helicity Determination}{chapter.2}% 6
\BOOKMARK [1][-]{section.2.5}{Vertex Corrections}{chapter.2}% 7
\BOOKMARK [1][-]{section.2.6}{Timing Corrections}{chapter.2}% 8
\BOOKMARK [1][-]{section.2.7}{Kinematic Corrections}{chapter.2}% 9
\BOOKMARK [0][-]{chapter.3}{Particle Identification}{}% 10
\BOOKMARK [1][-]{section.3.1}{Introduction}{chapter.3}% 11
\BOOKMARK [1][-]{section.3.2}{Electron Identification}{chapter.3}% 12
\BOOKMARK [2][-]{subsection.3.2.1}{Electron ID Cuts}{section.3.2}% 13
\BOOKMARK [1][-]{section.3.3}{Inclusive Electron Cross Section}{chapter.3}% 14
\BOOKMARK [1][-]{section.3.4}{Hadron Identification}{chapter.3}% 15
\BOOKMARK [2][-]{subsection.3.4.1}{Hadron ID Cuts}{section.3.4}% 16
\BOOKMARK [0][-]{chapter.4}{Beam Spin Asymmetry Analysis}{}% 17
\BOOKMARK [1][-]{section.4.1}{Introduction}{chapter.4}% 18
\BOOKMARK [1][-]{section.4.2}{Event Selection and Binning}{chapter.4}% 19
\BOOKMARK [1][-]{section.4.3}{Measured h Distributions}{chapter.4}% 20
\BOOKMARK [1][-]{section.4.4}{Extraction of Modulations}{chapter.4}% 21
\BOOKMARK [0][-]{chapter*.32}{References}{}% 22
